<?xml version="1.0" encoding="UTF-8"?>
<robot generator="Robot 3.1.1 (Python 3.7.1 on win32)" generated="20190420 12:39:55.192" rpa="false">
<suite id="s1" name="Login Tests" source="C:\Users\heikk\RobotFrameWork\login_tests">
<suite id="s1-s1" name="Invalid Login" source="C:\Users\heikk\RobotFrameWork\login_tests\invalid_login.robot">
<test id="s1-s1-t1" name="Invalid Login Empty Name">
<kw name="Open Browser To Login Page" library="resource">
<kw name="Open Browser" library="SeleniumLibrary">
<doc>Opens a new browser instance to the given ``url``.</doc>
<arguments>
<arg>${HOME URL}</arg>
<arg>${BROWSER}</arg>
</arguments>
<msg timestamp="20190420 12:39:55.391" level="INFO">Opening browser 'Chrome' to base url 'http://team-b-2019.pages.labranet.jamk.fi/source/'.</msg>
<status status="PASS" starttime="20190420 12:39:55.390" endtime="20190420 12:39:58.202"></status>
</kw>
<kw name="Maximize Browser Window" library="SeleniumLibrary">
<doc>Maximizes current browser window.</doc>
<status status="PASS" starttime="20190420 12:39:58.202" endtime="20190420 12:39:59.341"></status>
</kw>
<kw name="Set Selenium Speed" library="SeleniumLibrary">
<doc>Sets the delay that is waited after each Selenium command.</doc>
<arguments>
<arg>${DELAY}</arg>
</arguments>
<status status="PASS" starttime="20190420 12:39:59.341" endtime="20190420 12:39:59.341"></status>
</kw>
<kw name="Login Page Should Be Open" library="resource">
<kw name="Title Should Be" library="SeleniumLibrary">
<doc>Verifies that current page title equals ``title``.</doc>
<arguments>
<arg>Wear Right</arg>
</arguments>
<msg timestamp="20190420 12:40:00.346" level="INFO">Page title is 'Wear Right'.</msg>
<status status="PASS" starttime="20190420 12:39:59.342" endtime="20190420 12:40:00.346"></status>
</kw>
<status status="PASS" starttime="20190420 12:39:59.341" endtime="20190420 12:40:00.346"></status>
</kw>
<status status="PASS" starttime="20190420 12:39:55.390" endtime="20190420 12:40:00.346"></status>
</kw>
<kw name="Input City" library="resource">
<arguments>
<arg>Helsinki</arg>
</arguments>
<kw name="Input Text" library="SeleniumLibrary">
<doc>Types the given ``text`` into text field identified by ``locator``.</doc>
<arguments>
<arg>xpath://*[@id="mainapp"]/div[4]/main/div/div/div/div/div/form/div[2]/div/div[1]/div[1]/input</arg>
<arg>${city}</arg>
</arguments>
<msg timestamp="20190420 12:40:00.348" level="INFO">Typing text 'Helsinki' into text field 'xpath://*[@id="mainapp"]/div[4]/main/div/div/div/div/div/form/div[2]/div/div[1]/div[1]/input'.</msg>
<status status="PASS" starttime="20190420 12:40:00.347" endtime="20190420 12:40:03.668"></status>
</kw>
<kw name="Click Element" library="SeleniumLibrary">
<doc>Click element identified by ``locator``.</doc>
<arguments>
<arg>xpath://*[@id="mainapp"]/div[3]/div/div/div/a/div/div</arg>
</arguments>
<msg timestamp="20190420 12:40:03.668" level="INFO">Clicking element 'xpath://*[@id="mainapp"]/div[3]/div/div/div/a/div/div'.</msg>
<status status="PASS" starttime="20190420 12:40:03.668" endtime="20190420 12:40:05.745"></status>
</kw>
<status status="PASS" starttime="20190420 12:40:00.347" endtime="20190420 12:40:05.745"></status>
</kw>
<kw name="Input Age" library="resource">
<kw name="Click Element" library="SeleniumLibrary">
<doc>Click element identified by ``locator``.</doc>
<arguments>
<arg>xpath://*[@id="mainapp"]/div[4]/main/div/div/div/div/div/form/div[3]</arg>
</arguments>
<msg timestamp="20190420 12:40:05.748" level="INFO">Clicking element 'xpath://*[@id="mainapp"]/div[4]/main/div/div/div/div/div/form/div[3]'.</msg>
<status status="PASS" starttime="20190420 12:40:05.748" endtime="20190420 12:40:07.840"></status>
</kw>
<kw name="Click Element" library="SeleniumLibrary">
<doc>Click element identified by ``locator``.</doc>
<arguments>
<arg>xpath://*[@id="mainapp"]/div[2]/div/div/div[3]/a/div/div</arg>
</arguments>
<msg timestamp="20190420 12:40:07.840" level="INFO">Clicking element 'xpath://*[@id="mainapp"]/div[2]/div/div/div[3]/a/div/div'.</msg>
<status status="PASS" starttime="20190420 12:40:07.840" endtime="20190420 12:40:09.916"></status>
</kw>
<status status="PASS" starttime="20190420 12:40:05.747" endtime="20190420 12:40:09.916"></status>
</kw>
<kw name="Input Gender" library="resource">
<kw name="Click Element" library="SeleniumLibrary">
<doc>Click element identified by ``locator``.</doc>
<arguments>
<arg>xpath://*[@id="mainapp"]/div[4]/main/div/div/div/div/div/form/div[4]</arg>
</arguments>
<msg timestamp="20190420 12:40:09.917" level="INFO">Clicking element 'xpath://*[@id="mainapp"]/div[4]/main/div/div/div/div/div/form/div[4]'.</msg>
<status status="PASS" starttime="20190420 12:40:09.917" endtime="20190420 12:40:11.982"></status>
</kw>
<kw name="Click Element" library="SeleniumLibrary">
<doc>Click element identified by ``locator``.</doc>
<arguments>
<arg>xpath://*[@id="mainapp"]/div[1]/div/div/div[1]/a/div/div</arg>
</arguments>
<msg timestamp="20190420 12:40:11.982" level="INFO">Clicking element 'xpath://*[@id="mainapp"]/div[1]/div/div/div[1]/a/div/div'.</msg>
<status status="PASS" starttime="20190420 12:40:11.982" endtime="20190420 12:40:14.062"></status>
</kw>
<status status="PASS" starttime="20190420 12:40:09.916" endtime="20190420 12:40:14.062"></status>
</kw>
<kw name="Submit Credentials" library="resource">
<kw name="Click Button" library="SeleniumLibrary">
<doc>Clicks button identified by ``locator``.</doc>
<arguments>
<arg>xpath://*[@id="mainapp"]/div[4]/main/div/div/div/div/div/form/button</arg>
</arguments>
<msg timestamp="20190420 12:40:14.063" level="INFO">Clicking button 'xpath://*[@id="mainapp"]/div[4]/main/div/div/div/div/div/form/button'.</msg>
<status status="PASS" starttime="20190420 12:40:14.063" endtime="20190420 12:40:19.199"></status>
</kw>
<status status="PASS" starttime="20190420 12:40:14.063" endtime="20190420 12:40:19.199"></status>
</kw>
<kw name="Login Should Have Failed">
<kw name="Location Should Be" library="SeleniumLibrary">
<doc>Verifies that current URL is exactly ``url``.</doc>
<arguments>
<arg>${LOGIN URL}</arg>
</arguments>
<msg timestamp="20190420 12:40:20.205" level="INFO">Current location is 'http://team-b-2019.pages.labranet.jamk.fi/source/login'.</msg>
<status status="PASS" starttime="20190420 12:40:19.200" endtime="20190420 12:40:20.205"></status>
</kw>
<kw name="Title Should Be" library="SeleniumLibrary">
<doc>Verifies that current page title equals ``title``.</doc>
<arguments>
<arg>Wear Right</arg>
</arguments>
<msg timestamp="20190420 12:40:21.210" level="INFO">Page title is 'Wear Right'.</msg>
<status status="PASS" starttime="20190420 12:40:20.205" endtime="20190420 12:40:21.210"></status>
</kw>
<status status="PASS" starttime="20190420 12:40:19.199" endtime="20190420 12:40:21.210"></status>
</kw>
<kw name="Close Browser" library="SeleniumLibrary" type="teardown">
<doc>Closes the current browser.</doc>
<status status="PASS" starttime="20190420 12:40:21.210" endtime="20190420 12:40:24.266"></status>
</kw>
<status status="PASS" starttime="20190420 12:39:55.390" endtime="20190420 12:40:24.266" critical="yes"></status>
</test>
<test id="s1-s1-t2" name="Invalid Login Empty City">
<kw name="Open Browser To Login Page" library="resource">
<kw name="Open Browser" library="SeleniumLibrary">
<doc>Opens a new browser instance to the given ``url``.</doc>
<arguments>
<arg>${HOME URL}</arg>
<arg>${BROWSER}</arg>
</arguments>
<msg timestamp="20190420 12:40:24.268" level="INFO">Opening browser 'Chrome' to base url 'http://team-b-2019.pages.labranet.jamk.fi/source/'.</msg>
<status status="PASS" starttime="20190420 12:40:24.268" endtime="20190420 12:40:28.027"></status>
</kw>
<kw name="Maximize Browser Window" library="SeleniumLibrary">
<doc>Maximizes current browser window.</doc>
<status status="PASS" starttime="20190420 12:40:28.027" endtime="20190420 12:40:30.156"></status>
</kw>
<kw name="Set Selenium Speed" library="SeleniumLibrary">
<doc>Sets the delay that is waited after each Selenium command.</doc>
<arguments>
<arg>${DELAY}</arg>
</arguments>
<status status="PASS" starttime="20190420 12:40:30.156" endtime="20190420 12:40:30.157"></status>
</kw>
<kw name="Login Page Should Be Open" library="resource">
<kw name="Title Should Be" library="SeleniumLibrary">
<doc>Verifies that current page title equals ``title``.</doc>
<arguments>
<arg>Wear Right</arg>
</arguments>
<msg timestamp="20190420 12:40:31.168" level="INFO">Page title is 'Wear Right'.</msg>
<status status="PASS" starttime="20190420 12:40:30.158" endtime="20190420 12:40:31.168"></status>
</kw>
<status status="PASS" starttime="20190420 12:40:30.157" endtime="20190420 12:40:31.168"></status>
</kw>
<status status="PASS" starttime="20190420 12:40:24.268" endtime="20190420 12:40:31.168"></status>
</kw>
<kw name="Input Username" library="resource">
<arguments>
<arg>testi</arg>
</arguments>
<kw name="Input Text" library="SeleniumLibrary">
<doc>Types the given ``text`` into text field identified by ``locator``.</doc>
<arguments>
<arg>xpath://*[@id="mainapp"]/div[4]/main/div/div/div/div/div/form/div[1]/div/div[1]/div/input</arg>
<arg>${username}</arg>
</arguments>
<msg timestamp="20190420 12:40:31.169" level="INFO">Typing text 'testi' into text field 'xpath://*[@id="mainapp"]/div[4]/main/div/div/div/div/div/form/div[1]/div/div[1]/div/input'.</msg>
<status status="PASS" starttime="20190420 12:40:31.169" endtime="20190420 12:40:34.415"></status>
</kw>
<status status="PASS" starttime="20190420 12:40:31.168" endtime="20190420 12:40:34.415"></status>
</kw>
<kw name="Input Age" library="resource">
<kw name="Click Element" library="SeleniumLibrary">
<doc>Click element identified by ``locator``.</doc>
<arguments>
<arg>xpath://*[@id="mainapp"]/div[4]/main/div/div/div/div/div/form/div[3]</arg>
</arguments>
<msg timestamp="20190420 12:40:34.416" level="INFO">Clicking element 'xpath://*[@id="mainapp"]/div[4]/main/div/div/div/div/div/form/div[3]'.</msg>
<status status="PASS" starttime="20190420 12:40:34.416" endtime="20190420 12:40:36.522"></status>
</kw>
<kw name="Click Element" library="SeleniumLibrary">
<doc>Click element identified by ``locator``.</doc>
<arguments>
<arg>xpath://*[@id="mainapp"]/div[2]/div/div/div[3]/a/div/div</arg>
</arguments>
<msg timestamp="20190420 12:40:36.522" level="INFO">Clicking element 'xpath://*[@id="mainapp"]/div[2]/div/div/div[3]/a/div/div'.</msg>
<status status="PASS" starttime="20190420 12:40:36.522" endtime="20190420 12:40:38.633"></status>
</kw>
<status status="PASS" starttime="20190420 12:40:34.415" endtime="20190420 12:40:38.633"></status>
</kw>
<kw name="Input Gender" library="resource">
<kw name="Click Element" library="SeleniumLibrary">
<doc>Click element identified by ``locator``.</doc>
<arguments>
<arg>xpath://*[@id="mainapp"]/div[4]/main/div/div/div/div/div/form/div[4]</arg>
</arguments>
<msg timestamp="20190420 12:40:38.634" level="INFO">Clicking element 'xpath://*[@id="mainapp"]/div[4]/main/div/div/div/div/div/form/div[4]'.</msg>
<status status="PASS" starttime="20190420 12:40:38.634" endtime="20190420 12:40:40.689"></status>
</kw>
<kw name="Click Element" library="SeleniumLibrary">
<doc>Click element identified by ``locator``.</doc>
<arguments>
<arg>xpath://*[@id="mainapp"]/div[1]/div/div/div[1]/a/div/div</arg>
</arguments>
<msg timestamp="20190420 12:40:40.689" level="INFO">Clicking element 'xpath://*[@id="mainapp"]/div[1]/div/div/div[1]/a/div/div'.</msg>
<status status="PASS" starttime="20190420 12:40:40.689" endtime="20190420 12:40:42.772"></status>
</kw>
<status status="PASS" starttime="20190420 12:40:38.633" endtime="20190420 12:40:42.772"></status>
</kw>
<kw name="Submit Credentials" library="resource">
<kw name="Click Button" library="SeleniumLibrary">
<doc>Clicks button identified by ``locator``.</doc>
<arguments>
<arg>xpath://*[@id="mainapp"]/div[4]/main/div/div/div/div/div/form/button</arg>
</arguments>
<msg timestamp="20190420 12:40:42.777" level="INFO">Clicking button 'xpath://*[@id="mainapp"]/div[4]/main/div/div/div/div/div/form/button'.</msg>
<status status="PASS" starttime="20190420 12:40:42.775" endtime="20190420 12:40:47.955"></status>
</kw>
<status status="PASS" starttime="20190420 12:40:42.773" endtime="20190420 12:40:47.955"></status>
</kw>
<kw name="Login Should Have Failed">
<kw name="Location Should Be" library="SeleniumLibrary">
<doc>Verifies that current URL is exactly ``url``.</doc>
<arguments>
<arg>${LOGIN URL}</arg>
</arguments>
<kw name="Capture Page Screenshot" library="SeleniumLibrary">
<doc>Takes screenshot of the current page and embeds it into log file.</doc>
<msg timestamp="20190420 12:40:50.405" level="INFO" html="yes">&lt;/td&gt;&lt;/tr&gt;&lt;tr&gt;&lt;td colspan="3"&gt;&lt;a href="selenium-screenshot-3.png"&gt;&lt;img src="selenium-screenshot-3.png" width="800px"&gt;&lt;/a&gt;</msg>
<status status="PASS" starttime="20190420 12:40:48.960" endtime="20190420 12:40:50.405"></status>
</kw>
<msg timestamp="20190420 12:40:50.409" level="FAIL">Location should have been 'http://team-b-2019.pages.labranet.jamk.fi/source/login' but was 'http://team-b-2019.pages.labranet.jamk.fi/source/'.</msg>
<status status="FAIL" starttime="20190420 12:40:47.956" endtime="20190420 12:40:50.409"></status>
</kw>
<status status="FAIL" starttime="20190420 12:40:47.955" endtime="20190420 12:40:50.410"></status>
</kw>
<kw name="Close Browser" library="SeleniumLibrary" type="teardown">
<doc>Closes the current browser.</doc>
<status status="PASS" starttime="20190420 12:40:50.411" endtime="20190420 12:40:53.477"></status>
</kw>
<status status="FAIL" starttime="20190420 12:40:24.267" endtime="20190420 12:40:53.478" critical="yes">Location should have been 'http://team-b-2019.pages.labranet.jamk.fi/source/login' but was 'http://team-b-2019.pages.labranet.jamk.fi/source/'.</status>
</test>
<test id="s1-s1-t3" name="Invalid Login Empty Age">
<kw name="Open Browser To Login Page" library="resource">
<kw name="Open Browser" library="SeleniumLibrary">
<doc>Opens a new browser instance to the given ``url``.</doc>
<arguments>
<arg>${HOME URL}</arg>
<arg>${BROWSER}</arg>
</arguments>
<msg timestamp="20190420 12:40:53.481" level="INFO">Opening browser 'Chrome' to base url 'http://team-b-2019.pages.labranet.jamk.fi/source/'.</msg>
<status status="PASS" starttime="20190420 12:40:53.480" endtime="20190420 12:40:57.262"></status>
</kw>
<kw name="Maximize Browser Window" library="SeleniumLibrary">
<doc>Maximizes current browser window.</doc>
<status status="PASS" starttime="20190420 12:40:57.262" endtime="20190420 12:40:59.390"></status>
</kw>
<kw name="Set Selenium Speed" library="SeleniumLibrary">
<doc>Sets the delay that is waited after each Selenium command.</doc>
<arguments>
<arg>${DELAY}</arg>
</arguments>
<status status="PASS" starttime="20190420 12:40:59.390" endtime="20190420 12:40:59.390"></status>
</kw>
<kw name="Login Page Should Be Open" library="resource">
<kw name="Title Should Be" library="SeleniumLibrary">
<doc>Verifies that current page title equals ``title``.</doc>
<arguments>
<arg>Wear Right</arg>
</arguments>
<msg timestamp="20190420 12:41:00.396" level="INFO">Page title is 'Wear Right'.</msg>
<status status="PASS" starttime="20190420 12:40:59.390" endtime="20190420 12:41:00.396"></status>
</kw>
<status status="PASS" starttime="20190420 12:40:59.390" endtime="20190420 12:41:00.396"></status>
</kw>
<status status="PASS" starttime="20190420 12:40:53.480" endtime="20190420 12:41:00.396"></status>
</kw>
<kw name="Input Username" library="resource">
<arguments>
<arg>testi</arg>
</arguments>
<kw name="Input Text" library="SeleniumLibrary">
<doc>Types the given ``text`` into text field identified by ``locator``.</doc>
<arguments>
<arg>xpath://*[@id="mainapp"]/div[4]/main/div/div/div/div/div/form/div[1]/div/div[1]/div/input</arg>
<arg>${username}</arg>
</arguments>
<msg timestamp="20190420 12:41:00.397" level="INFO">Typing text 'testi' into text field 'xpath://*[@id="mainapp"]/div[4]/main/div/div/div/div/div/form/div[1]/div/div[1]/div/input'.</msg>
<status status="PASS" starttime="20190420 12:41:00.397" endtime="20190420 12:41:03.630"></status>
</kw>
<status status="PASS" starttime="20190420 12:41:00.396" endtime="20190420 12:41:03.630"></status>
</kw>
<kw name="Input City" library="resource">
<arguments>
<arg>Helsinki</arg>
</arguments>
<kw name="Input Text" library="SeleniumLibrary">
<doc>Types the given ``text`` into text field identified by ``locator``.</doc>
<arguments>
<arg>xpath://*[@id="mainapp"]/div[4]/main/div/div/div/div/div/form/div[2]/div/div[1]/div[1]/input</arg>
<arg>${city}</arg>
</arguments>
<msg timestamp="20190420 12:41:03.633" level="INFO">Typing text 'Helsinki' into text field 'xpath://*[@id="mainapp"]/div[4]/main/div/div/div/div/div/form/div[2]/div/div[1]/div[1]/input'.</msg>
<status status="PASS" starttime="20190420 12:41:03.632" endtime="20190420 12:41:06.852"></status>
</kw>
<kw name="Click Element" library="SeleniumLibrary">
<doc>Click element identified by ``locator``.</doc>
<arguments>
<arg>xpath://*[@id="mainapp"]/div[3]/div/div/div/a/div/div</arg>
</arguments>
<msg timestamp="20190420 12:41:06.852" level="INFO">Clicking element 'xpath://*[@id="mainapp"]/div[3]/div/div/div/a/div/div'.</msg>
<status status="PASS" starttime="20190420 12:41:06.852" endtime="20190420 12:41:08.929"></status>
</kw>
<status status="PASS" starttime="20190420 12:41:03.632" endtime="20190420 12:41:08.929"></status>
</kw>
<kw name="Input Gender" library="resource">
<kw name="Click Element" library="SeleniumLibrary">
<doc>Click element identified by ``locator``.</doc>
<arguments>
<arg>xpath://*[@id="mainapp"]/div[4]/main/div/div/div/div/div/form/div[4]</arg>
</arguments>
<msg timestamp="20190420 12:41:08.931" level="INFO">Clicking element 'xpath://*[@id="mainapp"]/div[4]/main/div/div/div/div/div/form/div[4]'.</msg>
<status status="PASS" starttime="20190420 12:41:08.931" endtime="20190420 12:41:11.019"></status>
</kw>
<kw name="Click Element" library="SeleniumLibrary">
<doc>Click element identified by ``locator``.</doc>
<arguments>
<arg>xpath://*[@id="mainapp"]/div[1]/div/div/div[1]/a/div/div</arg>
</arguments>
<msg timestamp="20190420 12:41:11.020" level="INFO">Clicking element 'xpath://*[@id="mainapp"]/div[1]/div/div/div[1]/a/div/div'.</msg>
<status status="PASS" starttime="20190420 12:41:11.019" endtime="20190420 12:41:13.119"></status>
</kw>
<status status="PASS" starttime="20190420 12:41:08.930" endtime="20190420 12:41:13.119"></status>
</kw>
<kw name="Submit Credentials" library="resource">
<kw name="Click Button" library="SeleniumLibrary">
<doc>Clicks button identified by ``locator``.</doc>
<arguments>
<arg>xpath://*[@id="mainapp"]/div[4]/main/div/div/div/div/div/form/button</arg>
</arguments>
<msg timestamp="20190420 12:41:13.120" level="INFO">Clicking button 'xpath://*[@id="mainapp"]/div[4]/main/div/div/div/div/div/form/button'.</msg>
<status status="PASS" starttime="20190420 12:41:13.120" endtime="20190420 12:41:18.249"></status>
</kw>
<status status="PASS" starttime="20190420 12:41:13.119" endtime="20190420 12:41:18.249"></status>
</kw>
<kw name="Login Should Have Failed">
<kw name="Location Should Be" library="SeleniumLibrary">
<doc>Verifies that current URL is exactly ``url``.</doc>
<arguments>
<arg>${LOGIN URL}</arg>
</arguments>
<msg timestamp="20190420 12:41:19.255" level="INFO">Current location is 'http://team-b-2019.pages.labranet.jamk.fi/source/login'.</msg>
<status status="PASS" starttime="20190420 12:41:18.250" endtime="20190420 12:41:19.255"></status>
</kw>
<kw name="Title Should Be" library="SeleniumLibrary">
<doc>Verifies that current page title equals ``title``.</doc>
<arguments>
<arg>Wear Right</arg>
</arguments>
<msg timestamp="20190420 12:41:20.260" level="INFO">Page title is 'Wear Right'.</msg>
<status status="PASS" starttime="20190420 12:41:19.255" endtime="20190420 12:41:20.260"></status>
</kw>
<status status="PASS" starttime="20190420 12:41:18.249" endtime="20190420 12:41:20.260"></status>
</kw>
<kw name="Close Browser" library="SeleniumLibrary" type="teardown">
<doc>Closes the current browser.</doc>
<status status="PASS" starttime="20190420 12:41:20.260" endtime="20190420 12:41:23.309"></status>
</kw>
<status status="PASS" starttime="20190420 12:40:53.479" endtime="20190420 12:41:23.310" critical="yes"></status>
</test>
<test id="s1-s1-t4" name="Invalid Login Empty Gender">
<kw name="Open Browser To Login Page" library="resource">
<kw name="Open Browser" library="SeleniumLibrary">
<doc>Opens a new browser instance to the given ``url``.</doc>
<arguments>
<arg>${HOME URL}</arg>
<arg>${BROWSER}</arg>
</arguments>
<msg timestamp="20190420 12:41:23.315" level="INFO">Opening browser 'Chrome' to base url 'http://team-b-2019.pages.labranet.jamk.fi/source/'.</msg>
<status status="PASS" starttime="20190420 12:41:23.314" endtime="20190420 12:41:27.592"></status>
</kw>
<kw name="Maximize Browser Window" library="SeleniumLibrary">
<doc>Maximizes current browser window.</doc>
<status status="PASS" starttime="20190420 12:41:27.592" endtime="20190420 12:41:29.722"></status>
</kw>
<kw name="Set Selenium Speed" library="SeleniumLibrary">
<doc>Sets the delay that is waited after each Selenium command.</doc>
<arguments>
<arg>${DELAY}</arg>
</arguments>
<status status="PASS" starttime="20190420 12:41:29.722" endtime="20190420 12:41:29.722"></status>
</kw>
<kw name="Login Page Should Be Open" library="resource">
<kw name="Title Should Be" library="SeleniumLibrary">
<doc>Verifies that current page title equals ``title``.</doc>
<arguments>
<arg>Wear Right</arg>
</arguments>
<msg timestamp="20190420 12:41:30.728" level="INFO">Page title is 'Wear Right'.</msg>
<status status="PASS" starttime="20190420 12:41:29.723" endtime="20190420 12:41:30.728"></status>
</kw>
<status status="PASS" starttime="20190420 12:41:29.722" endtime="20190420 12:41:30.729"></status>
</kw>
<status status="PASS" starttime="20190420 12:41:23.313" endtime="20190420 12:41:30.729"></status>
</kw>
<kw name="Input Username" library="resource">
<arguments>
<arg>testi</arg>
</arguments>
<kw name="Input Text" library="SeleniumLibrary">
<doc>Types the given ``text`` into text field identified by ``locator``.</doc>
<arguments>
<arg>xpath://*[@id="mainapp"]/div[4]/main/div/div/div/div/div/form/div[1]/div/div[1]/div/input</arg>
<arg>${username}</arg>
</arguments>
<msg timestamp="20190420 12:41:30.732" level="INFO">Typing text 'testi' into text field 'xpath://*[@id="mainapp"]/div[4]/main/div/div/div/div/div/form/div[1]/div/div[1]/div/input'.</msg>
<status status="PASS" starttime="20190420 12:41:30.732" endtime="20190420 12:41:33.989"></status>
</kw>
<status status="PASS" starttime="20190420 12:41:30.731" endtime="20190420 12:41:33.989"></status>
</kw>
<kw name="Input City" library="resource">
<arguments>
<arg>Helsinki</arg>
</arguments>
<kw name="Input Text" library="SeleniumLibrary">
<doc>Types the given ``text`` into text field identified by ``locator``.</doc>
<arguments>
<arg>xpath://*[@id="mainapp"]/div[4]/main/div/div/div/div/div/form/div[2]/div/div[1]/div[1]/input</arg>
<arg>${city}</arg>
</arguments>
<msg timestamp="20190420 12:41:33.990" level="INFO">Typing text 'Helsinki' into text field 'xpath://*[@id="mainapp"]/div[4]/main/div/div/div/div/div/form/div[2]/div/div[1]/div[1]/input'.</msg>
<status status="PASS" starttime="20190420 12:41:33.990" endtime="20190420 12:41:37.217"></status>
</kw>
<kw name="Click Element" library="SeleniumLibrary">
<doc>Click element identified by ``locator``.</doc>
<arguments>
<arg>xpath://*[@id="mainapp"]/div[3]/div/div/div/a/div/div</arg>
</arguments>
<msg timestamp="20190420 12:41:37.217" level="INFO">Clicking element 'xpath://*[@id="mainapp"]/div[3]/div/div/div/a/div/div'.</msg>
<status status="PASS" starttime="20190420 12:41:37.217" endtime="20190420 12:41:39.300"></status>
</kw>
<status status="PASS" starttime="20190420 12:41:33.989" endtime="20190420 12:41:39.300"></status>
</kw>
<kw name="Input Age" library="resource">
<kw name="Click Element" library="SeleniumLibrary">
<doc>Click element identified by ``locator``.</doc>
<arguments>
<arg>xpath://*[@id="mainapp"]/div[4]/main/div/div/div/div/div/form/div[3]</arg>
</arguments>
<msg timestamp="20190420 12:41:39.301" level="INFO">Clicking element 'xpath://*[@id="mainapp"]/div[4]/main/div/div/div/div/div/form/div[3]'.</msg>
<status status="PASS" starttime="20190420 12:41:39.301" endtime="20190420 12:41:41.359"></status>
</kw>
<kw name="Click Element" library="SeleniumLibrary">
<doc>Click element identified by ``locator``.</doc>
<arguments>
<arg>xpath://*[@id="mainapp"]/div[2]/div/div/div[3]/a/div/div</arg>
</arguments>
<msg timestamp="20190420 12:41:41.359" level="INFO">Clicking element 'xpath://*[@id="mainapp"]/div[2]/div/div/div[3]/a/div/div'.</msg>
<status status="PASS" starttime="20190420 12:41:41.359" endtime="20190420 12:41:43.439"></status>
</kw>
<status status="PASS" starttime="20190420 12:41:39.300" endtime="20190420 12:41:43.439"></status>
</kw>
<kw name="Submit Credentials" library="resource">
<kw name="Click Button" library="SeleniumLibrary">
<doc>Clicks button identified by ``locator``.</doc>
<arguments>
<arg>xpath://*[@id="mainapp"]/div[4]/main/div/div/div/div/div/form/button</arg>
</arguments>
<msg timestamp="20190420 12:41:43.440" level="INFO">Clicking button 'xpath://*[@id="mainapp"]/div[4]/main/div/div/div/div/div/form/button'.</msg>
<status status="PASS" starttime="20190420 12:41:43.440" endtime="20190420 12:41:48.536"></status>
</kw>
<status status="PASS" starttime="20190420 12:41:43.439" endtime="20190420 12:41:48.536"></status>
</kw>
<kw name="Login Should Have Failed">
<kw name="Location Should Be" library="SeleniumLibrary">
<doc>Verifies that current URL is exactly ``url``.</doc>
<arguments>
<arg>${LOGIN URL}</arg>
</arguments>
<msg timestamp="20190420 12:41:49.541" level="INFO">Current location is 'http://team-b-2019.pages.labranet.jamk.fi/source/login'.</msg>
<status status="PASS" starttime="20190420 12:41:48.537" endtime="20190420 12:41:49.541"></status>
</kw>
<kw name="Title Should Be" library="SeleniumLibrary">
<doc>Verifies that current page title equals ``title``.</doc>
<arguments>
<arg>Wear Right</arg>
</arguments>
<msg timestamp="20190420 12:41:50.552" level="INFO">Page title is 'Wear Right'.</msg>
<status status="PASS" starttime="20190420 12:41:49.541" endtime="20190420 12:41:50.552"></status>
</kw>
<status status="PASS" starttime="20190420 12:41:48.536" endtime="20190420 12:41:50.552"></status>
</kw>
<kw name="Close Browser" library="SeleniumLibrary" type="teardown">
<doc>Closes the current browser.</doc>
<status status="PASS" starttime="20190420 12:41:50.552" endtime="20190420 12:41:53.610"></status>
</kw>
<status status="PASS" starttime="20190420 12:41:23.311" endtime="20190420 12:41:53.610" critical="yes"></status>
</test>
<doc>A test suite containing tests related to invalid login.

These tests are data-driven by their nature. They use a single
keyword, specified with Test Template setting, that is called
with different arguments to cover different scenarios.</doc>
<status status="FAIL" starttime="20190420 12:39:55.219" endtime="20190420 12:41:53.611"></status>
</suite>
<suite id="s1-s2" name="Valid Login" source="C:\Users\heikk\RobotFrameWork\login_tests\valid_login.robot">
<test id="s1-s2-t1" name="Valid Login">
<kw name="Open Browser To Login Page" library="resource">
<kw name="Open Browser" library="SeleniumLibrary">
<doc>Opens a new browser instance to the given ``url``.</doc>
<arguments>
<arg>${HOME URL}</arg>
<arg>${BROWSER}</arg>
</arguments>
<msg timestamp="20190420 12:41:53.622" level="INFO">Opening browser 'Chrome' to base url 'http://team-b-2019.pages.labranet.jamk.fi/source/'.</msg>
<status status="PASS" starttime="20190420 12:41:53.621" endtime="20190420 12:41:57.407"></status>
</kw>
<kw name="Maximize Browser Window" library="SeleniumLibrary">
<doc>Maximizes current browser window.</doc>
<status status="PASS" starttime="20190420 12:41:57.407" endtime="20190420 12:41:59.526"></status>
</kw>
<kw name="Set Selenium Speed" library="SeleniumLibrary">
<doc>Sets the delay that is waited after each Selenium command.</doc>
<arguments>
<arg>${DELAY}</arg>
</arguments>
<status status="PASS" starttime="20190420 12:41:59.527" endtime="20190420 12:41:59.528"></status>
</kw>
<kw name="Login Page Should Be Open" library="resource">
<kw name="Title Should Be" library="SeleniumLibrary">
<doc>Verifies that current page title equals ``title``.</doc>
<arguments>
<arg>Wear Right</arg>
</arguments>
<msg timestamp="20190420 12:42:00.539" level="INFO">Page title is 'Wear Right'.</msg>
<status status="PASS" starttime="20190420 12:41:59.530" endtime="20190420 12:42:00.539"></status>
</kw>
<status status="PASS" starttime="20190420 12:41:59.528" endtime="20190420 12:42:00.539"></status>
</kw>
<status status="PASS" starttime="20190420 12:41:53.621" endtime="20190420 12:42:00.539"></status>
</kw>
<kw name="Input Username" library="resource">
<arguments>
<arg>demo</arg>
</arguments>
<kw name="Input Text" library="SeleniumLibrary">
<doc>Types the given ``text`` into text field identified by ``locator``.</doc>
<arguments>
<arg>xpath://*[@id="mainapp"]/div[4]/main/div/div/div/div/div/form/div[1]/div/div[1]/div/input</arg>
<arg>${username}</arg>
</arguments>
<msg timestamp="20190420 12:42:00.540" level="INFO">Typing text 'demo' into text field 'xpath://*[@id="mainapp"]/div[4]/main/div/div/div/div/div/form/div[1]/div/div[1]/div/input'.</msg>
<status status="PASS" starttime="20190420 12:42:00.540" endtime="20190420 12:42:03.784"></status>
</kw>
<status status="PASS" starttime="20190420 12:42:00.539" endtime="20190420 12:42:03.784"></status>
</kw>
<kw name="Input City" library="resource">
<arguments>
<arg>Helsinki</arg>
</arguments>
<kw name="Input Text" library="SeleniumLibrary">
<doc>Types the given ``text`` into text field identified by ``locator``.</doc>
<arguments>
<arg>xpath://*[@id="mainapp"]/div[4]/main/div/div/div/div/div/form/div[2]/div/div[1]/div[1]/input</arg>
<arg>${city}</arg>
</arguments>
<msg timestamp="20190420 12:42:03.785" level="INFO">Typing text 'Helsinki' into text field 'xpath://*[@id="mainapp"]/div[4]/main/div/div/div/div/div/form/div[2]/div/div[1]/div[1]/input'.</msg>
<status status="PASS" starttime="20190420 12:42:03.785" endtime="20190420 12:42:07.014"></status>
</kw>
<kw name="Click Element" library="SeleniumLibrary">
<doc>Click element identified by ``locator``.</doc>
<arguments>
<arg>xpath://*[@id="mainapp"]/div[3]/div/div/div/a/div/div</arg>
</arguments>
<msg timestamp="20190420 12:42:07.014" level="INFO">Clicking element 'xpath://*[@id="mainapp"]/div[3]/div/div/div/a/div/div'.</msg>
<status status="PASS" starttime="20190420 12:42:07.014" endtime="20190420 12:42:09.118"></status>
</kw>
<status status="PASS" starttime="20190420 12:42:03.785" endtime="20190420 12:42:09.118"></status>
</kw>
<kw name="Input Age" library="resource">
<kw name="Click Element" library="SeleniumLibrary">
<doc>Click element identified by ``locator``.</doc>
<arguments>
<arg>xpath://*[@id="mainapp"]/div[4]/main/div/div/div/div/div/form/div[3]</arg>
</arguments>
<msg timestamp="20190420 12:42:09.119" level="INFO">Clicking element 'xpath://*[@id="mainapp"]/div[4]/main/div/div/div/div/div/form/div[3]'.</msg>
<status status="PASS" starttime="20190420 12:42:09.119" endtime="20190420 12:42:11.184"></status>
</kw>
<kw name="Click Element" library="SeleniumLibrary">
<doc>Click element identified by ``locator``.</doc>
<arguments>
<arg>xpath://*[@id="mainapp"]/div[2]/div/div/div[3]/a/div/div</arg>
</arguments>
<msg timestamp="20190420 12:42:11.184" level="INFO">Clicking element 'xpath://*[@id="mainapp"]/div[2]/div/div/div[3]/a/div/div'.</msg>
<status status="PASS" starttime="20190420 12:42:11.184" endtime="20190420 12:42:13.259"></status>
</kw>
<status status="PASS" starttime="20190420 12:42:09.119" endtime="20190420 12:42:13.259"></status>
</kw>
<kw name="Input Gender" library="resource">
<kw name="Click Element" library="SeleniumLibrary">
<doc>Click element identified by ``locator``.</doc>
<arguments>
<arg>xpath://*[@id="mainapp"]/div[4]/main/div/div/div/div/div/form/div[4]</arg>
</arguments>
<msg timestamp="20190420 12:42:13.260" level="INFO">Clicking element 'xpath://*[@id="mainapp"]/div[4]/main/div/div/div/div/div/form/div[4]'.</msg>
<status status="PASS" starttime="20190420 12:42:13.260" endtime="20190420 12:42:15.323"></status>
</kw>
<kw name="Click Element" library="SeleniumLibrary">
<doc>Click element identified by ``locator``.</doc>
<arguments>
<arg>xpath://*[@id="mainapp"]/div[1]/div/div/div[1]/a/div/div</arg>
</arguments>
<msg timestamp="20190420 12:42:15.324" level="INFO">Clicking element 'xpath://*[@id="mainapp"]/div[1]/div/div/div[1]/a/div/div'.</msg>
<status status="PASS" starttime="20190420 12:42:15.323" endtime="20190420 12:42:17.422"></status>
</kw>
<status status="PASS" starttime="20190420 12:42:13.260" endtime="20190420 12:42:17.422"></status>
</kw>
<kw name="Submit Credentials" library="resource">
<kw name="Click Button" library="SeleniumLibrary">
<doc>Clicks button identified by ``locator``.</doc>
<arguments>
<arg>xpath://*[@id="mainapp"]/div[4]/main/div/div/div/div/div/form/button</arg>
</arguments>
<msg timestamp="20190420 12:42:17.423" level="INFO">Clicking button 'xpath://*[@id="mainapp"]/div[4]/main/div/div/div/div/div/form/button'.</msg>
<status status="PASS" starttime="20190420 12:42:17.423" endtime="20190420 12:42:22.575"></status>
</kw>
<status status="PASS" starttime="20190420 12:42:17.422" endtime="20190420 12:42:22.575"></status>
</kw>
<kw name="Home Page Should Be Open" library="resource">
<kw name="Location Should Be" library="SeleniumLibrary">
<doc>Verifies that current URL is exactly ``url``.</doc>
<arguments>
<arg>${HOME URL}</arg>
</arguments>
<msg timestamp="20190420 12:42:23.580" level="INFO">Current location is 'http://team-b-2019.pages.labranet.jamk.fi/source/'.</msg>
<status status="PASS" starttime="20190420 12:42:22.576" endtime="20190420 12:42:23.580"></status>
</kw>
<kw name="Title Should Be" library="SeleniumLibrary">
<doc>Verifies that current page title equals ``title``.</doc>
<arguments>
<arg>Wear Right</arg>
</arguments>
<msg timestamp="20190420 12:42:24.585" level="INFO">Page title is 'Wear Right'.</msg>
<status status="PASS" starttime="20190420 12:42:23.580" endtime="20190420 12:42:24.585"></status>
</kw>
<status status="PASS" starttime="20190420 12:42:22.575" endtime="20190420 12:42:24.585"></status>
</kw>
<kw name="Close Browser" library="SeleniumLibrary" type="teardown">
<doc>Closes the current browser.</doc>
<status status="PASS" starttime="20190420 12:42:24.586" endtime="20190420 12:42:27.655"></status>
</kw>
<status status="PASS" starttime="20190420 12:41:53.619" endtime="20190420 12:42:27.655" critical="yes"></status>
</test>
<doc>A test suite with a single test for valid login.

This test has a workflow that is created using keywords in
the imported resource file.</doc>
<status status="PASS" starttime="20190420 12:41:53.615" endtime="20190420 12:42:27.657"></status>
</suite>
<status status="FAIL" starttime="20190420 12:39:55.193" endtime="20190420 12:42:27.662"></status>
</suite>
<statistics>
<total>
<stat pass="4" fail="1">Critical Tests</stat>
<stat pass="4" fail="1">All Tests</stat>
</total>
<tag>
</tag>
<suite>
<stat pass="4" fail="1" id="s1" name="Login Tests">Login Tests</stat>
<stat pass="3" fail="1" id="s1-s1" name="Invalid Login">Login Tests.Invalid Login</stat>
<stat pass="1" fail="0" id="s1-s2" name="Valid Login">Login Tests.Valid Login</stat>
</suite>
</statistics>
<errors>
</errors>
</robot>
